app/manifest-merger-release-report.txt
-- Merging decision tree log ---
manifest
ADDED from AndroidManifest.xml:2:1
	xmlns:tools
		ADDED from AndroidManifest.xml:3:5
	xmlns:android
		ADDED from AndroidManifest.xml:2:11
	package
		ADDED from AndroidManifest.xml:4:5
		INJECTED from AndroidManifest.xml:0:0
		INJECTED from AndroidManifest.xml:0:0
	android:versionName
		INJECTED from AndroidManifest.xml:0:0
		INJECTED from AndroidManifest.xml:0:0
	android:versionCode
		INJECTED from AndroidManifest.xml:0:0
		INJECTED from AndroidManifest.xml:0:0
uses-permission#android.permission.INTERNET
ADDED from AndroidManifest.xml:7:5
	android:name
		ADDED from AndroidManifest.xml:7:22
uses-permission#android.permission.ACCESS_FINE_LOCATION
ADDED from AndroidManifest.xml:9:5
	android:name
		ADDED from AndroidManifest.xml:9:22
uses-permission#android.permission.ACCESS_COARSE_LOCATION
ADDED from AndroidManifest.xml:10:5
	android:name
		ADDED from AndroidManifest.xml:10:22
uses-permission#android.permission.WRITE_EXTERNAL_STORAGE
ADDED from AndroidManifest.xml:12:5
	android:name
		ADDED from AndroidManifest.xml:12:22
application
ADDED from AndroidManifest.xml:14:5
MERGED from com.android.support:appcompat-v7:21.0.3:16:5
MERGED from com.android.support:support-v4:21.0.3:16:5
MERGED from com.google.android.gms:play-services:6.1.11:16:5
MERGED from com.android.support:support-v4:21.0.3:16:5
MERGED from urlocationmapwidget:volley_cz:unspecified:9:5
MERGED from urlocationmapwidget:ChoppingBootstrap:unspecified:11:5
MERGED from com.android.support:appcompat-v7:21.0.3:16:5
MERGED from com.android.support:support-v4:21.0.3:16:5
MERGED from urlocationmapwidget:volley_cz:unspecified:9:5
MERGED from com.facebook.android:facebook-android-sdk:3.22.0:24:5
MERGED from com.android.support:support-v4:21.0.3:16:5
	android:label
		ADDED from AndroidManifest.xml:18:9
		REJECTED from urlocationmapwidget:ChoppingBootstrap:unspecified:14:9
	android:allowBackup
		ADDED from AndroidManifest.xml:16:9
	android:icon
		ADDED from AndroidManifest.xml:17:9
	android:theme
		ADDED from AndroidManifest.xml:19:9
	tools:replace
		ADDED from AndroidManifest.xml:20:9
	android:name
		ADDED from AndroidManifest.xml:15:9
meta-data#com.google.android.gms.version
ADDED from AndroidManifest.xml:22:77
	android:name
		ADDED from AndroidManifest.xml:23:9
	android:value
		ADDED from AndroidManifest.xml:24:9
activity#widget.map.com.urlocationmapwidget.app.activities.MainActivity
ADDED from AndroidManifest.xml:26:9
	android:label
		ADDED from AndroidManifest.xml:28:13
	android:name
		ADDED from AndroidManifest.xml:27:13
intent-filter#android.intent.action.MAIN+android.intent.category.LAUNCHER
ADDED from AndroidManifest.xml:29:13
action#android.intent.action.MAIN
ADDED from AndroidManifest.xml:30:17
	android:name
		ADDED from AndroidManifest.xml:30:25
category#android.intent.category.LAUNCHER
ADDED from AndroidManifest.xml:32:17
	android:name
		ADDED from AndroidManifest.xml:32:27
activity#widget.map.com.urlocationmapwidget.app.activities.QuickSettingActivity
ADDED from AndroidManifest.xml:35:9
	android:label
		ADDED from AndroidManifest.xml:38:13
	android:theme
		ADDED from AndroidManifest.xml:40:13
	android:excludeFromRecents
		ADDED from AndroidManifest.xml:37:13
	android:taskAffinity
		ADDED from AndroidManifest.xml:39:13
	android:name
		ADDED from AndroidManifest.xml:36:13
activity#widget.map.com.urlocationmapwidget.app.activities.ProgressBarActivity
ADDED from AndroidManifest.xml:41:9
	android:label
		ADDED from AndroidManifest.xml:44:13
	android:theme
		ADDED from AndroidManifest.xml:46:13
	android:excludeFromRecents
		ADDED from AndroidManifest.xml:43:13
	android:taskAffinity
		ADDED from AndroidManifest.xml:45:13
	android:name
		ADDED from AndroidManifest.xml:42:13
activity#widget.map.com.urlocationmapwidget.app.activities.FBCheckInActivity
ADDED from AndroidManifest.xml:48:9
	android:theme
		ADDED from AndroidManifest.xml:52:13
	android:excludeFromRecents
		ADDED from AndroidManifest.xml:50:13
	android:taskAffinity
		ADDED from AndroidManifest.xml:51:13
	android:name
		ADDED from AndroidManifest.xml:49:13
activity#com.facebook.LoginActivity
ADDED from AndroidManifest.xml:53:9
	android:label
		ADDED from AndroidManifest.xml:55:13
	android:theme
		ADDED from AndroidManifest.xml:56:13
	android:name
		ADDED from AndroidManifest.xml:54:13
activity#com.google.android.gms.ads.AdActivity
ADDED from AndroidManifest.xml:59:9
	android:configChanges
		ADDED from AndroidManifest.xml:61:13
	android:theme
		ADDED from AndroidManifest.xml:62:13
	android:name
		ADDED from AndroidManifest.xml:60:13
receiver#widget.map.com.urlocationmapwidget.appwidgets.UrLocationWidgetProvider
ADDED from AndroidManifest.xml:65:9
	android:label
		ADDED from AndroidManifest.xml:68:13
	android:icon
		ADDED from AndroidManifest.xml:67:13
	android:name
		ADDED from AndroidManifest.xml:66:13
intent-filter#android.appwidget.action.APPWIDGET_UPDATE+widget.map.com.urlocationmapwidget.CLICK_MAP+widget.map.com.urlocationmapwidget.ENABLE_LOCATING+widget.map.com.urlocationmapwidget.FB_CHECK_IN+widget.map.com.urlocationmapwidget.LOCATE+widget.map.com.urlocationmapwidget.QUICK_SETTING+widget.map.com.urlocationmapwidget.SETTING+widget.map.com.urlocationmapwidget.SHARE_LOCATION+widget.map.com.urlocationmapwidget.UPDATE+widget.map.com.urlocationmapwidget.ZOOM_IN+widget.map.com.urlocationmapwidget.ZOOM_OUT
ADDED from AndroidManifest.xml:69:13
action#android.appwidget.action.APPWIDGET_UPDATE
ADDED from AndroidManifest.xml:70:17
	android:name
		ADDED from AndroidManifest.xml:70:25
action#widget.map.com.urlocationmapwidget.SETTING
ADDED from AndroidManifest.xml:71:17
	android:name
		ADDED from AndroidManifest.xml:71:25
action#widget.map.com.urlocationmapwidget.LOCATE
ADDED from AndroidManifest.xml:72:17
	android:name
		ADDED from AndroidManifest.xml:72:25
action#widget.map.com.urlocationmapwidget.ZOOM_IN
ADDED from AndroidManifest.xml:73:17
	android:name
		ADDED from AndroidManifest.xml:73:25
action#widget.map.com.urlocationmapwidget.ZOOM_OUT
ADDED from AndroidManifest.xml:74:17
	android:name
		ADDED from AndroidManifest.xml:74:25
action#widget.map.com.urlocationmapwidget.UPDATE
ADDED from AndroidManifest.xml:75:17
	android:name
		ADDED from AndroidManifest.xml:75:25
action#widget.map.com.urlocationmapwidget.ENABLE_LOCATING
ADDED from AndroidManifest.xml:76:17
	android:name
		ADDED from AndroidManifest.xml:76:25
action#widget.map.com.urlocationmapwidget.CLICK_MAP
ADDED from AndroidManifest.xml:77:17
	android:name
		ADDED from AndroidManifest.xml:77:25
action#widget.map.com.urlocationmapwidget.QUICK_SETTING
ADDED from AndroidManifest.xml:78:17
	android:name
		ADDED from AndroidManifest.xml:78:25
action#widget.map.com.urlocationmapwidget.SHARE_LOCATION
ADDED from AndroidManifest.xml:79:17
	android:name
		ADDED from AndroidManifest.xml:79:25
action#widget.map.com.urlocationmapwidget.FB_CHECK_IN
ADDED from AndroidManifest.xml:80:17
	android:name
		ADDED from AndroidManifest.xml:80:25
meta-data#android.appwidget.provider
ADDED from AndroidManifest.xml:83:13
	android:resource
		ADDED from AndroidManifest.xml:85:17
	android:name
		ADDED from AndroidManifest.xml:84:17
receiver#widget.map.com.urlocationmapwidget.appwidgets.UrLocationSmallWidgetProvider
ADDED from AndroidManifest.xml:87:9
	android:label
		ADDED from AndroidManifest.xml:90:13
	android:icon
		ADDED from AndroidManifest.xml:89:13
	android:name
		ADDED from AndroidManifest.xml:88:13
intent-filter#android.appwidget.action.APPWIDGET_UPDATE+widget.map.com.urlocationmapwidget.CLICK_MAP+widget.map.com.urlocationmapwidget.ENABLE_LOCATING+widget.map.com.urlocationmapwidget.FB_CHECK_IN+widget.map.com.urlocationmapwidget.LOCATE+widget.map.com.urlocationmapwidget.QUICK_SETTING+widget.map.com.urlocationmapwidget.SETTING+widget.map.com.urlocationmapwidget.SHARE_LOCATION+widget.map.com.urlocationmapwidget.UPDATE
ADDED from AndroidManifest.xml:91:13
receiver#widget.map.com.urlocationmapwidget.app.receivers.BootReceiver
ADDED from AndroidManifest.xml:107:9
	android:enabled
		ADDED from AndroidManifest.xml:109:13
	android:name
		ADDED from AndroidManifest.xml:108:13
intent-filter#android.intent.action.BOOT_COMPLETED
ADDED from AndroidManifest.xml:110:13
action#android.intent.action.BOOT_COMPLETED
ADDED from AndroidManifest.xml:111:17
	android:name
		ADDED from AndroidManifest.xml:111:25
service#widget.map.com.urlocationmapwidget.app.services.UrLocationWidgetService
ADDED from AndroidManifest.xml:115:9
	android:exported
		ADDED from AndroidManifest.xml:118:13
	android:enabled
		ADDED from AndroidManifest.xml:117:13
	android:name
		ADDED from AndroidManifest.xml:116:13
service#widget.map.com.urlocationmapwidget.app.services.UrLocationSmallWidgetService
ADDED from AndroidManifest.xml:119:9
	android:exported
		ADDED from AndroidManifest.xml:122:13
	android:enabled
		ADDED from AndroidManifest.xml:121:13
	android:name
		ADDED from AndroidManifest.xml:120:13
receiver#com.chopping.application.InstalledAppReceiver
ADDED from AndroidManifest.xml:125:9
	android:exported
		ADDED from AndroidManifest.xml:128:13
	android:enabled
		ADDED from AndroidManifest.xml:127:13
	android:name
		ADDED from AndroidManifest.xml:126:13
intent-filter#android.intent.action.PACKAGE_ADDED+android.intent.action.PACKAGE_REMOVED
ADDED from AndroidManifest.xml:129:13
action#android.intent.action.PACKAGE_ADDED
ADDED from AndroidManifest.xml:130:17
	android:name
		ADDED from AndroidManifest.xml:130:25
action#android.intent.action.PACKAGE_REMOVED
ADDED from AndroidManifest.xml:131:17
	android:name
		ADDED from AndroidManifest.xml:131:25
data
ADDED from AndroidManifest.xml:133:17
	android:scheme
		ADDED from AndroidManifest.xml:133:23
meta-data#com.crashlytics.ApiKey
ADDED from AndroidManifest.xml:137:9
	android:name
		ADDED from AndroidManifest.xml:138:13
	android:value
		ADDED from AndroidManifest.xml:139:13
meta-data#com.facebook.sdk.ApplicationId
ADDED from AndroidManifest.xml:141:9
	android:name
		ADDED from AndroidManifest.xml:142:13
	android:value
		ADDED from AndroidManifest.xml:143:13
uses-sdk
INJECTED from AndroidManifest.xml:0:0 reason: use-sdk injection requested
MERGED from com.android.support:appcompat-v7:21.0.3:15:5
MERGED from com.android.support:support-v4:21.0.3:15:5
MERGED from com.google.android.gms:play-services:6.1.11:15:5
MERGED from com.android.support:support-v4:21.0.3:15:5
MERGED from urlocationmapwidget:volley_cz:unspecified:7:5
MERGED from urlocationmapwidget:ChoppingBootstrap:unspecified:7:5
MERGED from com.android.support:appcompat-v7:21.0.3:15:5
MERGED from com.android.support:support-v4:21.0.3:15:5
MERGED from urlocationmapwidget:volley_cz:unspecified:7:5
MERGED from com.facebook.android:facebook-android-sdk:3.22.0:20:5
MERGED from com.android.support:support-v4:21.0.3:15:5
	android:targetSdkVersion
		INJECTED from AndroidManifest.xml:0:0
		INJECTED from AndroidManifest.xml:0:0
	android:minSdkVersion
		INJECTED from AndroidManifest.xml:0:0
		INJECTED from AndroidManifest.xml:0:0
activity#com.chopping.activities.ErrorHandlerActivity
ADDED from urlocationmapwidget:ChoppingBootstrap:unspecified:15:9
	android:label
		ADDED from urlocationmapwidget:ChoppingBootstrap:unspecified:17:13
	android:theme
		ADDED from urlocationmapwidget:ChoppingBootstrap:unspecified:18:13
	android:name
		ADDED from urlocationmapwidget:ChoppingBootstrap:unspecified:16:13
activity#com.chopping.activities.BrightnessRefreshActivity
ADDED from urlocationmapwidget:ChoppingBootstrap:unspecified:19:9
	android:noHistory
		ADDED from urlocationmapwidget:ChoppingBootstrap:unspecified:23:13
	android:label
		ADDED from urlocationmapwidget:ChoppingBootstrap:unspecified:22:13
	android:theme
		ADDED from urlocationmapwidget:ChoppingBootstrap:unspecified:25:13
	android:excludeFromRecents
		ADDED from urlocationmapwidget:ChoppingBootstrap:unspecified:21:13
	android:taskAffinity
		ADDED from urlocationmapwidget:ChoppingBootstrap:unspecified:24:13
	android:name
		ADDED from urlocationmapwidget:ChoppingBootstrap:unspecified:20:13
intent-filter#android.intent.category.DEFAULT+com.chopping.brightness.action.REFRESH
ADDED from urlocationmapwidget:ChoppingBootstrap:unspecified:26:13
category#android.intent.category.DEFAULT
ADDED from urlocationmapwidget:ChoppingBootstrap:unspecified:27:17
	android:name
		ADDED from urlocationmapwidget:ChoppingBootstrap:unspecified:27:27
action#com.chopping.brightness.action.REFRESH
ADDED from urlocationmapwidget:ChoppingBootstrap:unspecified:29:17
	android:name
		ADDED from urlocationmapwidget:ChoppingBootstrap:unspecified:29:25